#
# A fatal error has been detected by the Java Runtime Environment:
#
#  EXCEPTION_ACCESS_VIOLATION (0xc0000005) at pc=0x0000000063ba3a5b, pid=15104, tid=14804
#
# JRE version: Java(TM) SE Runtime Environment (7.0_60-b19) (build 1.7.0_60-b19)
# Java VM: Java HotSpot(TM) 64-Bit Server VM (24.60-b09 mixed mode windows-amd64 compressed oops)
# Problematic frame:
# V  [jvm.dll+0x143a5b]
#
# Failed to write core dump. Minidumps are not enabled by default on client versions of Windows
#
# If you would like to submit a bug report, please visit:
#   http://bugreport.sun.com/bugreport/crash.jsp
#

---------------  T H R E A D  ---------------

Current thread (0x0000000009d33000):  JavaThread "JDWP Transport Listener: dt_socket" daemon [_thread_in_vm, id=14804, stack(0x000000000a150000,0x000000000a250000)]

siginfo: ExceptionCode=0xc0000005, reading address 0xffffffffffffffff

Registers:
RAX=0x000000000a24f501, RBX=0x0000000009d33000, RCX=0x6568636143246568, RDX=0x0000000000000000
RSP=0x000000000a24f500, RBP=0x6568636143246568, RSI=0x000000000a24f618, RDI=0x0000000002498b80
R8 =0x0000000009d33000, R9 =0x00001dfe004800d0, R10=0x0000000000000000, R11=0x000000000a24f7e1
R12=0x0000000000000000, R13=0x0000000008643308, R14=0x0000000000000000, R15=0x0000000000000000
RIP=0x0000000063ba3a5b, EFLAGS=0x0000000000010202

Top of Stack: (sp=0x000000000a24f500)
0x000000000a24f500:   0000000009d33000 0000000000000006
0x000000000a24f510:   000000000a24f5c8 0000000063d44c59
0x000000000a24f520:   0000000009d33000 0000000063d62802
0x000000000a24f530:   0000000000000000 00000000725a8e8d
0x000000000a24f540:   00000000085fae80 00000000725b2666
0x000000000a24f550:   0000000009d33000 0000000000000000
0x000000000a24f560:   0000000000000000 0000000000000000
0x000000000a24f570:   6568636143246568 00000000725b175d
0x000000000a24f580:   000000000a24f618 000000000a24f5f0
0x000000000a24f590:   0000000000000001 00000000085fae80
0x000000000a24f5a0:   6568636143246568 00000000725953b3
0x000000000a24f5b0:   000000000a24f6e0 0000000000000001
0x000000000a24f5c0:   0000000000000001 00000000085fae80
0x000000000a24f5d0:   000000000000000a 0000000000000000
0x000000000a24f5e0:   0000000000000000 0000000000000000
0x000000000a24f5f0:   0000000000000001 0000000072595571 

Instructions: (pc=0x0000000063ba3a5b)
0x0000000063ba3a3b:   48 8b 5c 24 30 48 89 47 18 48 83 c4 20 5f c3 cc
0x0000000063ba3a4b:   cc cc cc cc cc 40 53 48 83 ec 20 48 85 c9 74 54
0x0000000063ba3a5b:   48 8b 19 48 85 db 74 4c 48 b8 fe fe fe fe fe fe
0x0000000063ba3a6b:   fe fe 48 3b d8 74 3d 80 3d 1f 05 61 00 00 74 15 


Register to memory mapping:

RAX=0x000000000a24f501 is pointing into the stack for thread: 0x0000000009d33000
RBX=0x0000000009d33000 is a thread
RCX=0x6568636143246568 is an unknown value
RDX=0x0000000000000000 is an unknown value
RSP=0x000000000a24f500 is pointing into the stack for thread: 0x0000000009d33000
RBP=0x6568636143246568 is an unknown value
RSI=0x000000000a24f618 is pointing into the stack for thread: 0x0000000009d33000
RDI=0x0000000002498b80 is an unknown value
R8 =0x0000000009d33000 is a thread
R9 =0x00001dfe004800d0 is an unknown value
R10=0x0000000000000000 is an unknown value
R11=0x000000000a24f7e1 is pointing into the stack for thread: 0x0000000009d33000
R12=0x0000000000000000 is an unknown value
R13=0x0000000008643308 is an unknown value
R14=0x0000000000000000 is an unknown value
R15=0x0000000000000000 is an unknown value


Stack: [0x000000000a150000,0x000000000a250000],  sp=0x000000000a24f500,  free space=1021k
Native frames: (J=compiled Java code, j=interpreted, Vv=VM code, C=native code)
V  [jvm.dll+0x143a5b]

[error occurred during error reporting (printing native stack), id 0xc0000005]


---------------  P R O C E S S  ---------------

Java Threads: ( => current thread )
  0x0000000009d5f000 JavaThread "Service Thread" daemon [_thread_blocked, id=1520, stack(0x000000000acb0000,0x000000000adb0000)]
  0x0000000009d54800 JavaThread "C2 CompilerThread1" daemon [_thread_blocked, id=10820, stack(0x000000000aa80000,0x000000000ab80000)]
  0x0000000009d51000 JavaThread "C2 CompilerThread0" daemon [_thread_blocked, id=14116, stack(0x000000000a820000,0x000000000a920000)]
  0x0000000009d42000 JavaThread "JDWP Command Reader" daemon [_thread_in_native, id=16172, stack(0x0000000009b30000,0x0000000009c30000)]
  0x0000000009d3e800 JavaThread "JDWP Event Helper Thread" daemon [_thread_blocked, id=12364, stack(0x000000000a630000,0x000000000a730000)]
=>0x0000000009d33000 JavaThread "JDWP Transport Listener: dt_socket" daemon [_thread_in_vm, id=14804, stack(0x000000000a150000,0x000000000a250000)]
  0x0000000008648800 JavaThread "Attach Listener" daemon [_thread_blocked, id=14788, stack(0x0000000009c30000,0x0000000009d30000)]
  0x000000000865b800 JavaThread "Signal Dispatcher" daemon [_thread_blocked, id=14888, stack(0x00000000095a0000,0x00000000096a0000)]
  0x00000000085e5800 JavaThread "Finalizer" daemon [_thread_blocked, id=13268, stack(0x0000000009a30000,0x0000000009b30000)]
  0x00000000085de000 JavaThread "Reference Handler" daemon [_thread_blocked, id=15032, stack(0x00000000098f0000,0x00000000099f0000)]
  0x00000000023c8000 JavaThread "main" [_thread_blocked, id=14344, stack(0x0000000002790000,0x0000000002890000)]

Other Threads:
  0x00000000085da000 VMThread [stack: 0x00000000096e0000,0x00000000097e0000] [id=15144]
  0x0000000009d6c800 WatcherThread [stack: 0x000000000ae50000,0x000000000af50000] [id=14304]

VM state:not at safepoint (normal execution)

VM Mutex/Monitor currently owned by a thread: None

Heap
 PSYoungGen      total 18944K, used 3325K [0x00000000eb600000, 0x00000000ecb00000, 0x0000000100000000)
  eden space 16384K, 20% used [0x00000000eb600000,0x00000000eb93f788,0x00000000ec600000)
  from space 2560K, 0% used [0x00000000ec880000,0x00000000ec880000,0x00000000ecb00000)
  to   space 2560K, 0% used [0x00000000ec600000,0x00000000ec600000,0x00000000ec880000)
 ParOldGen       total 41984K, used 0K [0x00000000c2200000, 0x00000000c4b00000, 0x00000000eb600000)
  object space 41984K, 0% used [0x00000000c2200000,0x00000000c2200000,0x00000000c4b00000)
 PSPermGen       total 21504K, used 4423K [0x00000000bd000000, 0x00000000be500000, 0x00000000c2200000)
  object space 21504K, 20% used [0x00000000bd000000,0x00000000bd451d00,0x00000000be500000)

Card table byte_map: [0x0000000005890000,0x0000000005ab0000] byte_map_base: 0x00000000052a8000

Polling page: 0x0000000000460000

Code Cache  [0x0000000002890000, 0x0000000002b00000, 0x0000000005890000)
 total_blobs=232 nmethods=7 adapters=186 free_code_cache=48722Kb largest_free_block=49877888

Compilation events (10 events):
Event: 0.230 Thread 0x0000000009d51000    3             sun.misc.ASCIICaseInsensitiveComparator::compare (126 bytes)
Event: 0.235 Thread 0x0000000009d51000 nmethod 3 0x00000000028f0910 code [0x00000000028f0a60, 0x00000000028f0e98]
Event: 0.243 Thread 0x0000000009d54800    4             java.lang.String::hashCode (55 bytes)
Event: 0.245 Thread 0x0000000009d54800 nmethod 4 0x00000000028f0590 code [0x00000000028f06c0, 0x00000000028f0838]
Event: 0.254 Thread 0x0000000009d51000    5             java.lang.String::indexOf (166 bytes)
Event: 0.260 Thread 0x0000000009d51000 nmethod 5 0x00000000028f2650 code [0x00000000028f27a0, 0x00000000028f2c78]
Event: 0.260 Thread 0x0000000009d51000    6   !         sun.nio.cs.ext.DoubleByte$Decoder::decodeArrayLoop (327 bytes)
Event: 0.276 Thread 0x0000000009d54800    7   !         java.io.BufferedReader::readLine (304 bytes)
Event: 0.281 Thread 0x0000000009d51000 nmethod 6 0x00000000028f9f90 code [0x00000000028fa1c0, 0x00000000028fb4d8]
Event: 0.294 Thread 0x0000000009d54800 nmethod 7 0x00000000028f6b90 code [0x00000000028f6d60, 0x00000000028f7e50]

GC Heap History (0 events):
No events

Deoptimization events (0 events):
No events

Internal exceptions (10 events):
Event: 0.252 Thread 0x00000000023c8000 Threw 0x00000000eb83c750 at C:\re\jdk7u60\1081\hotspot\src\share\vm\prims\jvm.cpp:1244
Event: 0.254 Thread 0x00000000023c8000 Threw 0x00000000eb840bb8 at C:\re\jdk7u60\1081\hotspot\src\share\vm\prims\jvm.cpp:1244
Event: 0.254 Thread 0x00000000023c8000 Threw 0x00000000eb843f68 at C:\re\jdk7u60\1081\hotspot\src\share\vm\prims\jvm.cpp:1244
Event: 0.256 Thread 0x00000000023c8000 Threw 0x00000000eb84c1a0 at C:\re\jdk7u60\1081\hotspot\src\share\vm\prims\jvm.cpp:1244
Event: 0.259 Thread 0x00000000023c8000 Threw 0x00000000eb873ea0 at C:\re\jdk7u60\1081\hotspot\src\share\vm\prims\jvm.cpp:1244
Event: 0.268 Thread 0x00000000023c8000 Threw 0x00000000eb8971a8 at C:\re\jdk7u60\1081\hotspot\src\share\vm\prims\jvm.cpp:1244
Event: 0.306 Thread 0x00000000023c8000 Threw 0x00000000eb8dcc00 at C:\re\jdk7u60\1081\hotspot\src\share\vm\prims\jvm.cpp:1244
Event: 0.306 Thread 0x00000000023c8000 Threw 0x00000000eb8dcd28 at C:\re\jdk7u60\1081\hotspot\src\share\vm\prims\jvm.cpp:1244
Event: 0.307 Thread 0x00000000023c8000 Threw 0x00000000eb8e09a0 at C:\re\jdk7u60\1081\hotspot\src\share\vm\prims\jvm.cpp:1244
Event: 0.307 Thread 0x00000000023c8000 Threw 0x00000000eb8e0ac8 at C:\re\jdk7u60\1081\hotspot\src\share\vm\prims\jvm.cpp:1244

Events (10 events):
Event: 299.639 Executing VM operation: ChangeBreakpoints
Event: 299.639 Executing VM operation: ChangeBreakpoints done
Event: 333.827 Executing VM operation: RedefineClasses
Event: 333.827 Executing VM operation: RedefineClasses done
Event: 333.835 Executing VM operation: ChangeBreakpoints
Event: 333.835 Executing VM operation: ChangeBreakpoints done
Event: 333.842 Executing VM operation: ChangeBreakpoints
Event: 333.842 Executing VM operation: ChangeBreakpoints done
Event: 426.951 Executing VM operation: RedefineClasses
Event: 426.951 Executing VM operation: RedefineClasses done


Dynamic libraries:
0x000000013fda0000 - 0x000000013fdd3000 	C:\Program Files\Java\jdk1.7.0_60\bin\javaw.exe
0x0000000076fa0000 - 0x0000000077149000 	C:\windows\SYSTEM32\ntdll.dll
0x0000000076c40000 - 0x0000000076d5f000 	C:\windows\system32\kernel32.dll
0x000007fefcc90000 - 0x000007fefccfc000 	C:\windows\system32\KERNELBASE.dll
0x000007fefee90000 - 0x000007fefef6b000 	C:\windows\system32\ADVAPI32.dll
0x000007fefe7e0000 - 0x000007fefe87f000 	C:\windows\system32\msvcrt.dll
0x000007feff170000 - 0x000007feff18f000 	C:\windows\SYSTEM32\sechost.dll
0x000007fefefe0000 - 0x000007feff10d000 	C:\windows\system32\RPCRT4.dll
0x0000000076ea0000 - 0x0000000076f9a000 	C:\windows\system32\USER32.dll
0x000007fefef70000 - 0x000007fefefd7000 	C:\windows\system32\GDI32.dll
0x000007feff190000 - 0x000007feff19e000 	C:\windows\system32\LPK.dll
0x000007fefe710000 - 0x000007fefe7d9000 	C:\windows\system32\USP10.dll
0x000007fefb580000 - 0x000007fefb774000 	C:\windows\WinSxS\amd64_microsoft.windows.common-controls_6595b64144ccf1df_6.0.7601.17514_none_fa396087175ac9ac\COMCTL32.dll
0x000007fefee10000 - 0x000007fefee81000 	C:\windows\system32\SHLWAPI.dll
0x000007fefede0000 - 0x000007fefee0e000 	C:\windows\system32\IMM32.DLL
0x000007feff1a0000 - 0x000007feff2a9000 	C:\windows\system32\MSCTF.dll
0x000007fefcb00000 - 0x000007fefcb2f000 	C:\windows\system32\nvinitx.dll
0x000000000f000000 - 0x000000000f006000 	C:\Program Files\NVIDIA Corporation\CoProcManager\_etoured.dll
0x000007fef9b30000 - 0x000007fef9b8f000 	C:\Program Files\NVIDIA Corporation\CoProcManager\nvd3d9wrapx.dll
0x000007fefead0000 - 0x000007fefeca7000 	C:\windows\system32\SETUPAPI.dll
0x000007fefceb0000 - 0x000007fefcee6000 	C:\windows\system32\CFGMGR32.dll
0x000007fefecb0000 - 0x000007fefed87000 	C:\windows\system32\OLEAUT32.dll
0x000007fefe1a0000 - 0x000007fefe3a3000 	C:\windows\system32\ole32.dll
0x000007fefcc70000 - 0x000007fefcc8a000 	C:\windows\system32\DEVOBJ.dll
0x000007fef9ae0000 - 0x000007fef9b26000 	C:\Program Files\NVIDIA Corporation\CoProcManager\nvdxgiwrapx.dll
0x0000000066900000 - 0x00000000669d2000 	C:\Program Files\Java\jdk1.7.0_60\jre\bin\msvcr100.dll
0x0000000063a60000 - 0x0000000064232000 	C:\Program Files\Java\jdk1.7.0_60\jre\bin\server\jvm.dll
0x000007fefa310000 - 0x000007fefa319000 	C:\windows\system32\WSOCK32.dll
0x000007fefed90000 - 0x000007fefeddd000 	C:\windows\system32\WS2_32.dll
0x000007fefe700000 - 0x000007fefe708000 	C:\windows\system32\NSI.dll
0x0000000000420000 - 0x000000000045b000 	C:\windows\system32\WINMM.dll
0x0000000077170000 - 0x0000000077177000 	C:\windows\system32\PSAPI.DLL
0x0000000072970000 - 0x000000007297f000 	C:\Program Files\Java\jdk1.7.0_60\jre\bin\verify.dll
0x0000000072710000 - 0x0000000072738000 	C:\Program Files\Java\jdk1.7.0_60\jre\bin\java.dll
0x0000000072590000 - 0x00000000725c5000 	C:\Program Files\Java\jdk1.7.0_60\jre\bin\jdwp.dll
0x0000000072700000 - 0x0000000072708000 	C:\Program Files\Java\jdk1.7.0_60\jre\bin\npt.dll
0x0000000072570000 - 0x0000000072585000 	C:\Program Files\Java\jdk1.7.0_60\jre\bin\zip.dll
0x00000000726f0000 - 0x00000000726f9000 	C:\Program Files\Java\jdk1.7.0_60\jre\bin\dt_socket.dll
0x000007fefb180000 - 0x000007fefb195000 	C:\windows\system32\NLAapi.dll
0x000007fef6e50000 - 0x000007fef6e65000 	C:\windows\system32\napinsp.dll
0x000007fef6e30000 - 0x000007fef6e49000 	C:\windows\system32\pnrpnsp.dll
0x000007fefc330000 - 0x000007fefc385000 	C:\windows\System32\mswsock.dll
0x000007fefc1b0000 - 0x000007fefc20b000 	C:\windows\system32\DNSAPI.dll
0x000007fef6dd0000 - 0x000007fef6ddb000 	C:\windows\System32\winrnr.dll
0x000007fef6dc0000 - 0x000007fef6dd0000 	C:\windows\system32\wshbth.dll
0x000007fefa190000 - 0x000007fefa1b7000 	C:\windows\system32\IPHLPAPI.DLL
0x000007fefa160000 - 0x000007fefa16b000 	C:\windows\system32\WINNSI.DLL
0x000007fef9020000 - 0x000007fef9073000 	C:\windows\System32\fwpuclnt.dll
0x000007fef7680000 - 0x000007fef7688000 	C:\windows\system32\rasadhlp.dll
0x000007fefbd10000 - 0x000007fefbd17000 	C:\windows\System32\wshtcpip.dll
0x0000000072550000 - 0x0000000072569000 	C:\Program Files\Java\jdk1.7.0_60\jre\bin\net.dll
0x000007fefc320000 - 0x000007fefc327000 	C:\windows\System32\wship6.dll
0x0000000072530000 - 0x0000000072541000 	C:\Program Files\Java\jdk1.7.0_60\jre\bin\nio.dll
0x000007feeabe0000 - 0x000007feead05000 	C:\windows\system32\dbghelp.dll

VM Arguments:
jvm_args: -agentlib:jdwp=transport=dt_socket,suspend=y,address=localhost:52779 -Dfile.encoding=GBK 
java_command: mypatch.MyPatch
Launcher Type: SUN_STANDARD

Environment Variables:
JAVA_HOME=C:\Program Files (x86)\Java\jdk1.5.0_01
CLASSPATH=.;C:\Program Files (x86)\Java\jdk1.5.0_01\lib;C:\Program Files (x86)\Java\jdk1.5.0_01\lib\tools.jar
PATH=C:\Program Files\Java\jdk1.7.0_60\jre\bin;F:/IDE/eclipse-jee-kepler-SR2-win32-x86_64/eclipse/jre/bin/server;F:/IDE/eclipse-jee-kepler-SR2-win32-x86_64/eclipse/jre/bin;F:/IDE/eclipse-jee-kepler-SR2-win32-x86_64/eclipse/jre/lib/amd64;.;JAVA_HOME\bin;D:\oracle\app\Administrator\product\11.2.0\dbhome_2\bin;C:\Program Files (x86)\NVIDIA Corporation\PhysX\Common;C:\Program Files (x86)\Intel\iCLS Client\;C:\Program Files\Intel\iCLS Client\;C:\windows\system32;C:\windows;C:\windows\System32\Wbem;C:\windows\System32\WindowsPowerShell\v1.0\;C:\Program Files\Intel\Intel(R) Management Engine Components\DAL;C:\Program Files\Intel\Intel(R) Management Engine Components\IPT;C:\Program Files (x86)\Intel\Intel(R) Management Engine Components\DAL;C:\Program Files (x86)\Intel\Intel(R) Management Engine Components\IPT;C:\Program Files (x86)\Intel\OpenCL SDK\2.0\bin\x86;C:\Program Files (x86)\Intel\OpenCL SDK\2.0\bin\x64;D:\Program Files\TortoiseSVN\bin;.;F:\workspace\apache-maven-3.1.1\bin;C:\Program Files (x86)\Java\jdk1.5.0_01\bin;F:\workspace\AppServ\Apache2.2\bin;F:\workspace\AppServ\php5;F:\workspace\AppServ\MySQL\bin;F:\IDE\eclipse-jee-kepler-SR2-win32-x86_64\eclipse;
USERNAME=Administrator
OS=Windows_NT
PROCESSOR_IDENTIFIER=Intel64 Family 6 Model 58 Stepping 9, GenuineIntel



---------------  S Y S T E M  ---------------

OS: Windows 7 , 64 bit Build 7601 Service Pack 1

CPU:total 4 (2 cores per cpu, 2 threads per core) family 6 model 58 stepping 9, cmov, cx8, fxsr, mmx, sse, sse2, sse3, ssse3, sse4.1, sse4.2, popcnt, avx, erms, ht, tsc, tscinvbit, tscinv

Memory: 4k page, physical 4054380k(1103616k free), swap 8106896k(3619552k free)

vm_info: Java HotSpot(TM) 64-Bit Server VM (24.60-b09) for windows-amd64 JRE (1.7.0_60-b19), built on May  7 2014 12:55:18 by "java_re" with unknown MS VC++:1600

time: Wed Jun 11 11:18:59 2014
elapsed time: 427 seconds

